[0.840s] Invoking command in '/home/kcg/Desktop/AlonBarak/Tello-Controller': PYTHONPATH=/home/kcg/Desktop/AlonBarak/Tello-Controller/install/tello_controller/lib/python3.8/site-packages:${PYTHONPATH} /usr/bin/python3 setup.py egg_info --egg-base build/tello_controller build --build-base /home/kcg/Desktop/AlonBarak/Tello-Controller/build/tello_controller/build install --prefix /home/kcg/Desktop/AlonBarak/Tello-Controller/install/tello_controller --record /home/kcg/Desktop/AlonBarak/Tello-Controller/build/tello_controller/install.log --single-version-externally-managed
[1.054s] running egg_info
[1.055s] writing build/tello_controller/tello_controller.egg-info/PKG-INFO
[1.055s] writing dependency_links to build/tello_controller/tello_controller.egg-info/dependency_links.txt
[1.055s] writing entry points to build/tello_controller/tello_controller.egg-info/entry_points.txt
[1.055s] writing requirements to build/tello_controller/tello_controller.egg-info/requires.txt
[1.056s] writing top-level names to build/tello_controller/tello_controller.egg-info/top_level.txt
[1.088s] reading manifest file 'build/tello_controller/tello_controller.egg-info/SOURCES.txt'
[1.089s] writing manifest file 'build/tello_controller/tello_controller.egg-info/SOURCES.txt'
[1.089s] running build
[1.090s] running build_py
[1.090s] copying tello_controller/XboxSubscriber.py -> /home/kcg/Desktop/AlonBarak/Tello-Controller/build/tello_controller/build/lib/tello_controller
[1.090s] running install
[1.091s] running install_lib
[1.092s] copying /home/kcg/Desktop/AlonBarak/Tello-Controller/build/tello_controller/build/lib/tello_controller/XboxSubscriber.py -> /home/kcg/Desktop/AlonBarak/Tello-Controller/install/tello_controller/lib/python3.8/site-packages/tello_controller
[1.093s] byte-compiling /home/kcg/Desktop/AlonBarak/Tello-Controller/install/tello_controller/lib/python3.8/site-packages/tello_controller/XboxSubscriber.py to XboxSubscriber.cpython-38.pyc
[1.097s] running install_data
[1.097s] running install_egg_info
[1.099s] removing '/home/kcg/Desktop/AlonBarak/Tello-Controller/install/tello_controller/lib/python3.8/site-packages/tello_controller-0.0.0-py3.8.egg-info' (and everything under it)
[1.099s] Copying build/tello_controller/tello_controller.egg-info to /home/kcg/Desktop/AlonBarak/Tello-Controller/install/tello_controller/lib/python3.8/site-packages/tello_controller-0.0.0-py3.8.egg-info
[1.100s] running install_scripts
[1.117s] Installing extreme script to /home/kcg/Desktop/AlonBarak/Tello-Controller/install/tello_controller/lib/tello_controller
[1.118s] Installing object_track_xbox script to /home/kcg/Desktop/AlonBarak/Tello-Controller/install/tello_controller/lib/tello_controller
[1.118s] writing list of installed files to '/home/kcg/Desktop/AlonBarak/Tello-Controller/build/tello_controller/install.log'
[1.145s] Invoked command in '/home/kcg/Desktop/AlonBarak/Tello-Controller' returned '0': PYTHONPATH=/home/kcg/Desktop/AlonBarak/Tello-Controller/install/tello_controller/lib/python3.8/site-packages:${PYTHONPATH} /usr/bin/python3 setup.py egg_info --egg-base build/tello_controller build --build-base /home/kcg/Desktop/AlonBarak/Tello-Controller/build/tello_controller/build install --prefix /home/kcg/Desktop/AlonBarak/Tello-Controller/install/tello_controller --record /home/kcg/Desktop/AlonBarak/Tello-Controller/build/tello_controller/install.log --single-version-externally-managed
