running egg_info
creating build/tello_controller/tello_controller.egg-info
writing build/tello_controller/tello_controller.egg-info/PKG-INFO
writing dependency_links to build/tello_controller/tello_controller.egg-info/dependency_links.txt
writing entry points to build/tello_controller/tello_controller.egg-info/entry_points.txt
writing requirements to build/tello_controller/tello_controller.egg-info/requires.txt
writing top-level names to build/tello_controller/tello_controller.egg-info/top_level.txt
writing manifest file 'build/tello_controller/tello_controller.egg-info/SOURCES.txt'
reading manifest file 'build/tello_controller/tello_controller.egg-info/SOURCES.txt'
writing manifest file 'build/tello_controller/tello_controller.egg-info/SOURCES.txt'
running build
running build_py
creating /home/kcg/Desktop/AlonBarak/Tello-Controller/ROS2-Interface/build/tello_controller/build
creating /home/kcg/Desktop/AlonBarak/Tello-Controller/ROS2-Interface/build/tello_controller/build/lib
creating /home/kcg/Desktop/AlonBarak/Tello-Controller/ROS2-Interface/build/tello_controller/build/lib/tello_controller
copying tello_controller/dnnobjectdetect.py -> /home/kcg/Desktop/AlonBarak/Tello-Controller/ROS2-Interface/build/tello_controller/build/lib/tello_controller
copying tello_controller/Tello_video.py -> /home/kcg/Desktop/AlonBarak/Tello-Controller/ROS2-Interface/build/tello_controller/build/lib/tello_controller
copying tello_controller/XboxSubscriber.py -> /home/kcg/Desktop/AlonBarak/Tello-Controller/ROS2-Interface/build/tello_controller/build/lib/tello_controller
copying tello_controller/safethread.py -> /home/kcg/Desktop/AlonBarak/Tello-Controller/ROS2-Interface/build/tello_controller/build/lib/tello_controller
copying tello_controller/kalman.py -> /home/kcg/Desktop/AlonBarak/Tello-Controller/ROS2-Interface/build/tello_controller/build/lib/tello_controller
copying tello_controller/followobject.py -> /home/kcg/Desktop/AlonBarak/Tello-Controller/ROS2-Interface/build/tello_controller/build/lib/tello_controller
copying tello_controller/__init__.py -> /home/kcg/Desktop/AlonBarak/Tello-Controller/ROS2-Interface/build/tello_controller/build/lib/tello_controller
copying tello_controller/Aruco_detection.py -> /home/kcg/Desktop/AlonBarak/Tello-Controller/ROS2-Interface/build/tello_controller/build/lib/tello_controller
running install
running install_lib
creating /home/kcg/Desktop/AlonBarak/Tello-Controller/ROS2-Interface/install/tello_controller/lib/python3.8/site-packages/tello_controller
copying /home/kcg/Desktop/AlonBarak/Tello-Controller/ROS2-Interface/build/tello_controller/build/lib/tello_controller/dnnobjectdetect.py -> /home/kcg/Desktop/AlonBarak/Tello-Controller/ROS2-Interface/install/tello_controller/lib/python3.8/site-packages/tello_controller
copying /home/kcg/Desktop/AlonBarak/Tello-Controller/ROS2-Interface/build/tello_controller/build/lib/tello_controller/Tello_video.py -> /home/kcg/Desktop/AlonBarak/Tello-Controller/ROS2-Interface/install/tello_controller/lib/python3.8/site-packages/tello_controller
copying /home/kcg/Desktop/AlonBarak/Tello-Controller/ROS2-Interface/build/tello_controller/build/lib/tello_controller/XboxSubscriber.py -> /home/kcg/Desktop/AlonBarak/Tello-Controller/ROS2-Interface/install/tello_controller/lib/python3.8/site-packages/tello_controller
copying /home/kcg/Desktop/AlonBarak/Tello-Controller/ROS2-Interface/build/tello_controller/build/lib/tello_controller/safethread.py -> /home/kcg/Desktop/AlonBarak/Tello-Controller/ROS2-Interface/install/tello_controller/lib/python3.8/site-packages/tello_controller
copying /home/kcg/Desktop/AlonBarak/Tello-Controller/ROS2-Interface/build/tello_controller/build/lib/tello_controller/kalman.py -> /home/kcg/Desktop/AlonBarak/Tello-Controller/ROS2-Interface/install/tello_controller/lib/python3.8/site-packages/tello_controller
copying /home/kcg/Desktop/AlonBarak/Tello-Controller/ROS2-Interface/build/tello_controller/build/lib/tello_controller/followobject.py -> /home/kcg/Desktop/AlonBarak/Tello-Controller/ROS2-Interface/install/tello_controller/lib/python3.8/site-packages/tello_controller
copying /home/kcg/Desktop/AlonBarak/Tello-Controller/ROS2-Interface/build/tello_controller/build/lib/tello_controller/__init__.py -> /home/kcg/Desktop/AlonBarak/Tello-Controller/ROS2-Interface/install/tello_controller/lib/python3.8/site-packages/tello_controller
copying /home/kcg/Desktop/AlonBarak/Tello-Controller/ROS2-Interface/build/tello_controller/build/lib/tello_controller/Aruco_detection.py -> /home/kcg/Desktop/AlonBarak/Tello-Controller/ROS2-Interface/install/tello_controller/lib/python3.8/site-packages/tello_controller
byte-compiling /home/kcg/Desktop/AlonBarak/Tello-Controller/ROS2-Interface/install/tello_controller/lib/python3.8/site-packages/tello_controller/dnnobjectdetect.py to dnnobjectdetect.cpython-38.pyc
byte-compiling /home/kcg/Desktop/AlonBarak/Tello-Controller/ROS2-Interface/install/tello_controller/lib/python3.8/site-packages/tello_controller/Tello_video.py to Tello_video.cpython-38.pyc
byte-compiling /home/kcg/Desktop/AlonBarak/Tello-Controller/ROS2-Interface/install/tello_controller/lib/python3.8/site-packages/tello_controller/XboxSubscriber.py to XboxSubscriber.cpython-38.pyc
byte-compiling /home/kcg/Desktop/AlonBarak/Tello-Controller/ROS2-Interface/install/tello_controller/lib/python3.8/site-packages/tello_controller/safethread.py to safethread.cpython-38.pyc
byte-compiling /home/kcg/Desktop/AlonBarak/Tello-Controller/ROS2-Interface/install/tello_controller/lib/python3.8/site-packages/tello_controller/kalman.py to kalman.cpython-38.pyc
byte-compiling /home/kcg/Desktop/AlonBarak/Tello-Controller/ROS2-Interface/install/tello_controller/lib/python3.8/site-packages/tello_controller/followobject.py to followobject.cpython-38.pyc
byte-compiling /home/kcg/Desktop/AlonBarak/Tello-Controller/ROS2-Interface/install/tello_controller/lib/python3.8/site-packages/tello_controller/__init__.py to __init__.cpython-38.pyc
byte-compiling /home/kcg/Desktop/AlonBarak/Tello-Controller/ROS2-Interface/install/tello_controller/lib/python3.8/site-packages/tello_controller/Aruco_detection.py to Aruco_detection.cpython-38.pyc
running install_data
creating /home/kcg/Desktop/AlonBarak/Tello-Controller/ROS2-Interface/install/tello_controller/share/ament_index
creating /home/kcg/Desktop/AlonBarak/Tello-Controller/ROS2-Interface/install/tello_controller/share/ament_index/resource_index
creating /home/kcg/Desktop/AlonBarak/Tello-Controller/ROS2-Interface/install/tello_controller/share/ament_index/resource_index/packages
copying resource/tello_controller -> /home/kcg/Desktop/AlonBarak/Tello-Controller/ROS2-Interface/install/tello_controller/share/ament_index/resource_index/packages
copying package.xml -> /home/kcg/Desktop/AlonBarak/Tello-Controller/ROS2-Interface/install/tello_controller/share/tello_controller
running install_egg_info
Copying build/tello_controller/tello_controller.egg-info to /home/kcg/Desktop/AlonBarak/Tello-Controller/ROS2-Interface/install/tello_controller/lib/python3.8/site-packages/tello_controller-0.0.0-py3.8.egg-info
running install_scripts
Installing extreme script to /home/kcg/Desktop/AlonBarak/Tello-Controller/ROS2-Interface/install/tello_controller/lib/tello_controller
Installing object_track_xbox script to /home/kcg/Desktop/AlonBarak/Tello-Controller/ROS2-Interface/install/tello_controller/lib/tello_controller
writing list of installed files to '/home/kcg/Desktop/AlonBarak/Tello-Controller/ROS2-Interface/build/tello_controller/install.log'
