[0.833s] Invoking command in '/home/kcg/Desktop/AlonBarak/Tello-Controller': PYTHONPATH=/home/kcg/Desktop/AlonBarak/Tello-Controller/install/tello_controller/lib/python3.8/site-packages:${PYTHONPATH} /usr/bin/python3 setup.py egg_info --egg-base build/tello_controller build --build-base /home/kcg/Desktop/AlonBarak/Tello-Controller/build/tello_controller/build install --prefix /home/kcg/Desktop/AlonBarak/Tello-Controller/install/tello_controller --record /home/kcg/Desktop/AlonBarak/Tello-Controller/build/tello_controller/install.log --single-version-externally-managed
[1.059s] running egg_info
[1.060s] writing build/tello_controller/tello_controller.egg-info/PKG-INFO
[1.060s] writing dependency_links to build/tello_controller/tello_controller.egg-info/dependency_links.txt
[1.060s] writing entry points to build/tello_controller/tello_controller.egg-info/entry_points.txt
[1.061s] writing requirements to build/tello_controller/tello_controller.egg-info/requires.txt
[1.061s] writing top-level names to build/tello_controller/tello_controller.egg-info/top_level.txt
[1.108s] reading manifest file 'build/tello_controller/tello_controller.egg-info/SOURCES.txt'
[1.109s] writing manifest file 'build/tello_controller/tello_controller.egg-info/SOURCES.txt'
[1.109s] running build
[1.109s] running build_py
[1.109s] copying tello_controller/Subscriber.py -> /home/kcg/Desktop/AlonBarak/Tello-Controller/build/tello_controller/build/lib/tello_controller
[1.109s] running install
[1.110s] running install_lib
[1.111s] copying /home/kcg/Desktop/AlonBarak/Tello-Controller/build/tello_controller/build/lib/tello_controller/Subscriber.py -> /home/kcg/Desktop/AlonBarak/Tello-Controller/install/tello_controller/lib/python3.8/site-packages/tello_controller
[1.112s] byte-compiling /home/kcg/Desktop/AlonBarak/Tello-Controller/install/tello_controller/lib/python3.8/site-packages/tello_controller/Subscriber.py to Subscriber.cpython-38.pyc
[1.114s] running install_data
[1.115s] running install_egg_info
[1.116s] removing '/home/kcg/Desktop/AlonBarak/Tello-Controller/install/tello_controller/lib/python3.8/site-packages/tello_controller-0.0.0-py3.8.egg-info' (and everything under it)
[1.117s] Copying build/tello_controller/tello_controller.egg-info to /home/kcg/Desktop/AlonBarak/Tello-Controller/install/tello_controller/lib/python3.8/site-packages/tello_controller-0.0.0-py3.8.egg-info
[1.117s] running install_scripts
[1.135s] Installing controller script to /home/kcg/Desktop/AlonBarak/Tello-Controller/install/tello_controller/lib/tello_controller
[1.136s] writing list of installed files to '/home/kcg/Desktop/AlonBarak/Tello-Controller/build/tello_controller/install.log'
[1.162s] Invoked command in '/home/kcg/Desktop/AlonBarak/Tello-Controller' returned '0': PYTHONPATH=/home/kcg/Desktop/AlonBarak/Tello-Controller/install/tello_controller/lib/python3.8/site-packages:${PYTHONPATH} /usr/bin/python3 setup.py egg_info --egg-base build/tello_controller build --build-base /home/kcg/Desktop/AlonBarak/Tello-Controller/build/tello_controller/build install --prefix /home/kcg/Desktop/AlonBarak/Tello-Controller/install/tello_controller --record /home/kcg/Desktop/AlonBarak/Tello-Controller/build/tello_controller/install.log --single-version-externally-managed
