[0.993s] Invoking command in '/home/kcg/Desktop/AlonBarak/Tello-Controller': PYTHONPATH=/home/kcg/Desktop/AlonBarak/Tello-Controller/install/tello_controller/lib/python3.8/site-packages:${PYTHONPATH} /usr/bin/python3 setup.py egg_info --egg-base build/tello_controller build --build-base /home/kcg/Desktop/AlonBarak/Tello-Controller/build/tello_controller/build install --prefix /home/kcg/Desktop/AlonBarak/Tello-Controller/install/tello_controller --record /home/kcg/Desktop/AlonBarak/Tello-Controller/build/tello_controller/install.log --single-version-externally-managed
[1.192s] running egg_info
[1.192s] creating build/tello_controller/tello_controller.egg-info
[1.202s] writing build/tello_controller/tello_controller.egg-info/PKG-INFO
[1.203s] writing dependency_links to build/tello_controller/tello_controller.egg-info/dependency_links.txt
[1.203s] writing entry points to build/tello_controller/tello_controller.egg-info/entry_points.txt
[1.203s] writing requirements to build/tello_controller/tello_controller.egg-info/requires.txt
[1.203s] writing top-level names to build/tello_controller/tello_controller.egg-info/top_level.txt
[1.206s] writing manifest file 'build/tello_controller/tello_controller.egg-info/SOURCES.txt'
[1.238s] reading manifest file 'build/tello_controller/tello_controller.egg-info/SOURCES.txt'
[1.239s] writing manifest file 'build/tello_controller/tello_controller.egg-info/SOURCES.txt'
[1.239s] running build
[1.239s] running build_py
[1.239s] creating /home/kcg/Desktop/AlonBarak/Tello-Controller/build/tello_controller/build
[1.240s] creating /home/kcg/Desktop/AlonBarak/Tello-Controller/build/tello_controller/build/lib
[1.240s] creating /home/kcg/Desktop/AlonBarak/Tello-Controller/build/tello_controller/build/lib/tello_controller
[1.240s] copying tello_controller/Battery_Status.py -> /home/kcg/Desktop/AlonBarak/Tello-Controller/build/tello_controller/build/lib/tello_controller
[1.240s] copying tello_controller/__init__.py -> /home/kcg/Desktop/AlonBarak/Tello-Controller/build/tello_controller/build/lib/tello_controller
[1.240s] copying tello_controller/Subscriber.py -> /home/kcg/Desktop/AlonBarak/Tello-Controller/build/tello_controller/build/lib/tello_controller
[1.240s] running install
[1.241s] running install_lib
[1.243s] creating /home/kcg/Desktop/AlonBarak/Tello-Controller/install/tello_controller/lib/python3.8/site-packages/tello_controller
[1.243s] copying /home/kcg/Desktop/AlonBarak/Tello-Controller/build/tello_controller/build/lib/tello_controller/Battery_Status.py -> /home/kcg/Desktop/AlonBarak/Tello-Controller/install/tello_controller/lib/python3.8/site-packages/tello_controller
[1.243s] copying /home/kcg/Desktop/AlonBarak/Tello-Controller/build/tello_controller/build/lib/tello_controller/__init__.py -> /home/kcg/Desktop/AlonBarak/Tello-Controller/install/tello_controller/lib/python3.8/site-packages/tello_controller
[1.243s] copying /home/kcg/Desktop/AlonBarak/Tello-Controller/build/tello_controller/build/lib/tello_controller/Subscriber.py -> /home/kcg/Desktop/AlonBarak/Tello-Controller/install/tello_controller/lib/python3.8/site-packages/tello_controller
[1.244s] byte-compiling /home/kcg/Desktop/AlonBarak/Tello-Controller/install/tello_controller/lib/python3.8/site-packages/tello_controller/Battery_Status.py to Battery_Status.cpython-38.pyc
[1.245s] byte-compiling /home/kcg/Desktop/AlonBarak/Tello-Controller/install/tello_controller/lib/python3.8/site-packages/tello_controller/__init__.py to __init__.cpython-38.pyc
[1.245s] byte-compiling /home/kcg/Desktop/AlonBarak/Tello-Controller/install/tello_controller/lib/python3.8/site-packages/tello_controller/Subscriber.py to Subscriber.cpython-38.pyc
[1.246s] running install_data
[1.246s] creating /home/kcg/Desktop/AlonBarak/Tello-Controller/install/tello_controller/share/ament_index
[1.247s] creating /home/kcg/Desktop/AlonBarak/Tello-Controller/install/tello_controller/share/ament_index/resource_index
[1.247s] creating /home/kcg/Desktop/AlonBarak/Tello-Controller/install/tello_controller/share/ament_index/resource_index/packages
[1.247s] copying resource/tello_controller -> /home/kcg/Desktop/AlonBarak/Tello-Controller/install/tello_controller/share/ament_index/resource_index/packages
[1.247s] copying package.xml -> /home/kcg/Desktop/AlonBarak/Tello-Controller/install/tello_controller/share/tello_controller
[1.247s] running install_egg_info
[1.249s] Copying build/tello_controller/tello_controller.egg-info to /home/kcg/Desktop/AlonBarak/Tello-Controller/install/tello_controller/lib/python3.8/site-packages/tello_controller-0.0.0-py3.8.egg-info
[1.249s] running install_scripts
[1.266s] Installing controller script to /home/kcg/Desktop/AlonBarak/Tello-Controller/install/tello_controller/lib/tello_controller
[1.267s] writing list of installed files to '/home/kcg/Desktop/AlonBarak/Tello-Controller/build/tello_controller/install.log'
[1.291s] Invoked command in '/home/kcg/Desktop/AlonBarak/Tello-Controller' returned '0': PYTHONPATH=/home/kcg/Desktop/AlonBarak/Tello-Controller/install/tello_controller/lib/python3.8/site-packages:${PYTHONPATH} /usr/bin/python3 setup.py egg_info --egg-base build/tello_controller build --build-base /home/kcg/Desktop/AlonBarak/Tello-Controller/build/tello_controller/build install --prefix /home/kcg/Desktop/AlonBarak/Tello-Controller/install/tello_controller --record /home/kcg/Desktop/AlonBarak/Tello-Controller/build/tello_controller/install.log --single-version-externally-managed
