running egg_info
writing build/tello_controller/tello_controller.egg-info/PKG-INFO
writing dependency_links to build/tello_controller/tello_controller.egg-info/dependency_links.txt
writing entry points to build/tello_controller/tello_controller.egg-info/entry_points.txt
writing requirements to build/tello_controller/tello_controller.egg-info/requires.txt
writing top-level names to build/tello_controller/tello_controller.egg-info/top_level.txt
reading manifest file 'build/tello_controller/tello_controller.egg-info/SOURCES.txt'
writing manifest file 'build/tello_controller/tello_controller.egg-info/SOURCES.txt'
running build
running build_py
running install
running install_lib
running install_data
running install_egg_info
removing '/home/kcg/Desktop/AlonBarak/Tello-Controller/install/tello_controller/lib/python3.8/site-packages/tello_controller-0.0.0-py3.8.egg-info' (and everything under it)
Copying build/tello_controller/tello_controller.egg-info to /home/kcg/Desktop/AlonBarak/Tello-Controller/install/tello_controller/lib/python3.8/site-packages/tello_controller-0.0.0-py3.8.egg-info
running install_scripts
Installing extreme script to /home/kcg/Desktop/AlonBarak/Tello-Controller/install/tello_controller/lib/tello_controller
Installing xbox script to /home/kcg/Desktop/AlonBarak/Tello-Controller/install/tello_controller/lib/tello_controller
writing list of installed files to '/home/kcg/Desktop/AlonBarak/Tello-Controller/build/tello_controller/install.log'
