[0.997s] Invoking command in '/home/kcg/Desktop/AlonBarak/Tello-Controller': PYTHONPATH=/home/kcg/Desktop/AlonBarak/Tello-Controller/install/tello_controller/lib/python3.8/site-packages:${PYTHONPATH} /usr/bin/python3 setup.py egg_info --egg-base build/tello_controller build --build-base /home/kcg/Desktop/AlonBarak/Tello-Controller/build/tello_controller/build install --prefix /home/kcg/Desktop/AlonBarak/Tello-Controller/install/tello_controller --record /home/kcg/Desktop/AlonBarak/Tello-Controller/build/tello_controller/install.log --single-version-externally-managed
[1.221s] running egg_info
[1.221s] writing build/tello_controller/tello_controller.egg-info/PKG-INFO
[1.222s] writing dependency_links to build/tello_controller/tello_controller.egg-info/dependency_links.txt
[1.222s] writing entry points to build/tello_controller/tello_controller.egg-info/entry_points.txt
[1.222s] writing requirements to build/tello_controller/tello_controller.egg-info/requires.txt
[1.222s] writing top-level names to build/tello_controller/tello_controller.egg-info/top_level.txt
[1.256s] reading manifest file 'build/tello_controller/tello_controller.egg-info/SOURCES.txt'
[1.257s] writing manifest file 'build/tello_controller/tello_controller.egg-info/SOURCES.txt'
[1.257s] running build
[1.257s] running build_py
[1.257s] running install
[1.258s] running install_lib
[1.260s] running install_data
[1.260s] running install_egg_info
[1.262s] removing '/home/kcg/Desktop/AlonBarak/Tello-Controller/install/tello_controller/lib/python3.8/site-packages/tello_controller-0.0.0-py3.8.egg-info' (and everything under it)
[1.262s] Copying build/tello_controller/tello_controller.egg-info to /home/kcg/Desktop/AlonBarak/Tello-Controller/install/tello_controller/lib/python3.8/site-packages/tello_controller-0.0.0-py3.8.egg-info
[1.263s] running install_scripts
[1.284s] Installing extreme script to /home/kcg/Desktop/AlonBarak/Tello-Controller/install/tello_controller/lib/tello_controller
[1.284s] Installing xbox script to /home/kcg/Desktop/AlonBarak/Tello-Controller/install/tello_controller/lib/tello_controller
[1.284s] writing list of installed files to '/home/kcg/Desktop/AlonBarak/Tello-Controller/build/tello_controller/install.log'
[1.312s] Invoked command in '/home/kcg/Desktop/AlonBarak/Tello-Controller' returned '0': PYTHONPATH=/home/kcg/Desktop/AlonBarak/Tello-Controller/install/tello_controller/lib/python3.8/site-packages:${PYTHONPATH} /usr/bin/python3 setup.py egg_info --egg-base build/tello_controller build --build-base /home/kcg/Desktop/AlonBarak/Tello-Controller/build/tello_controller/build install --prefix /home/kcg/Desktop/AlonBarak/Tello-Controller/install/tello_controller --record /home/kcg/Desktop/AlonBarak/Tello-Controller/build/tello_controller/install.log --single-version-externally-managed
